[0.538s] Invoking command in '/home/joey/PycharmProjects/pythonProject/LaunchVRControls/launch_ws/build/py_launch_vrcontrols': PS1=(venv) \[\e]0;\u@\h: \w\a\]${debian_chroot:+($debian_chroot)}\[\033[01;32m\]\u@\h\[\033[00m\]:\[\033[01;34m\]\w\[\033[00m\]\$ PYTHONPATH=/home/joey/PycharmProjects/pythonProject/LaunchVRControls/launch_ws/install/py_launch_vrcontrols/lib/python3.8/site-packages:${PYTHONPATH} /usr/bin/python3 setup.py develop --prefix /home/joey/PycharmProjects/pythonProject/LaunchVRControls/launch_ws/install/py_launch_vrcontrols --uninstall --editable --build-directory /home/joey/PycharmProjects/pythonProject/LaunchVRControls/launch_ws/build/py_launch_vrcontrols/build
[0.734s] running develop
[0.881s] Invoked command in '/home/joey/PycharmProjects/pythonProject/LaunchVRControls/launch_ws/build/py_launch_vrcontrols' returned '0': PS1=(venv) \[\e]0;\u@\h: \w\a\]${debian_chroot:+($debian_chroot)}\[\033[01;32m\]\u@\h\[\033[00m\]:\[\033[01;34m\]\w\[\033[00m\]\$ PYTHONPATH=/home/joey/PycharmProjects/pythonProject/LaunchVRControls/launch_ws/install/py_launch_vrcontrols/lib/python3.8/site-packages:${PYTHONPATH} /usr/bin/python3 setup.py develop --prefix /home/joey/PycharmProjects/pythonProject/LaunchVRControls/launch_ws/install/py_launch_vrcontrols --uninstall --editable --build-directory /home/joey/PycharmProjects/pythonProject/LaunchVRControls/launch_ws/build/py_launch_vrcontrols/build
[0.883s] Invoking command in '/home/joey/PycharmProjects/pythonProject/LaunchVRControls/launch_ws/src/py_launch_vrcontrols': PS1=(venv) \[\e]0;\u@\h: \w\a\]${debian_chroot:+($debian_chroot)}\[\033[01;32m\]\u@\h\[\033[00m\]:\[\033[01;34m\]\w\[\033[00m\]\$ PYTHONPATH=/home/joey/PycharmProjects/pythonProject/LaunchVRControls/launch_ws/install/py_launch_vrcontrols/lib/python3.8/site-packages:${PYTHONPATH} /usr/bin/python3 setup.py egg_info --egg-base ../../build/py_launch_vrcontrols build --build-base /home/joey/PycharmProjects/pythonProject/LaunchVRControls/launch_ws/build/py_launch_vrcontrols/build install --prefix /home/joey/PycharmProjects/pythonProject/LaunchVRControls/launch_ws/install/py_launch_vrcontrols --record /home/joey/PycharmProjects/pythonProject/LaunchVRControls/launch_ws/build/py_launch_vrcontrols/install.log --single-version-externally-managed
[1.065s] running egg_info
[1.066s] writing ../../build/py_launch_vrcontrols/py_launch_vrcontrols.egg-info/PKG-INFO
[1.066s] writing dependency_links to ../../build/py_launch_vrcontrols/py_launch_vrcontrols.egg-info/dependency_links.txt
[1.066s] writing entry points to ../../build/py_launch_vrcontrols/py_launch_vrcontrols.egg-info/entry_points.txt
[1.066s] writing requirements to ../../build/py_launch_vrcontrols/py_launch_vrcontrols.egg-info/requires.txt
[1.066s] writing top-level names to ../../build/py_launch_vrcontrols/py_launch_vrcontrols.egg-info/top_level.txt
[1.091s] reading manifest file '../../build/py_launch_vrcontrols/py_launch_vrcontrols.egg-info/SOURCES.txt'
[1.092s] writing manifest file '../../build/py_launch_vrcontrols/py_launch_vrcontrols.egg-info/SOURCES.txt'
[1.092s] running build
[1.092s] running build_py
[1.092s] running install
[1.092s] running install_lib
[1.093s] running install_data
[1.094s] copying launch/launch_vrcontrols.py -> /home/joey/PycharmProjects/pythonProject/LaunchVRControls/launch_ws/install/py_launch_vrcontrols/share/py_launch_vrcontrols
[1.094s] running install_egg_info
[1.095s] removing '/home/joey/PycharmProjects/pythonProject/LaunchVRControls/launch_ws/install/py_launch_vrcontrols/lib/python3.8/site-packages/py_launch_vrcontrols-0.0.0-py3.8.egg-info' (and everything under it)
[1.095s] Copying ../../build/py_launch_vrcontrols/py_launch_vrcontrols.egg-info to /home/joey/PycharmProjects/pythonProject/LaunchVRControls/launch_ws/install/py_launch_vrcontrols/lib/python3.8/site-packages/py_launch_vrcontrols-0.0.0-py3.8.egg-info
[1.096s] running install_scripts
[1.107s] writing list of installed files to '/home/joey/PycharmProjects/pythonProject/LaunchVRControls/launch_ws/build/py_launch_vrcontrols/install.log'
[1.120s] Invoked command in '/home/joey/PycharmProjects/pythonProject/LaunchVRControls/launch_ws/src/py_launch_vrcontrols' returned '0': PS1=(venv) \[\e]0;\u@\h: \w\a\]${debian_chroot:+($debian_chroot)}\[\033[01;32m\]\u@\h\[\033[00m\]:\[\033[01;34m\]\w\[\033[00m\]\$ PYTHONPATH=/home/joey/PycharmProjects/pythonProject/LaunchVRControls/launch_ws/install/py_launch_vrcontrols/lib/python3.8/site-packages:${PYTHONPATH} /usr/bin/python3 setup.py egg_info --egg-base ../../build/py_launch_vrcontrols build --build-base /home/joey/PycharmProjects/pythonProject/LaunchVRControls/launch_ws/build/py_launch_vrcontrols/build install --prefix /home/joey/PycharmProjects/pythonProject/LaunchVRControls/launch_ws/install/py_launch_vrcontrols --record /home/joey/PycharmProjects/pythonProject/LaunchVRControls/launch_ws/build/py_launch_vrcontrols/install.log --single-version-externally-managed
