running develop
running egg_info
creating py_launch_vrcontrols.egg-info
writing py_launch_vrcontrols.egg-info/PKG-INFO
writing dependency_links to py_launch_vrcontrols.egg-info/dependency_links.txt
writing entry points to py_launch_vrcontrols.egg-info/entry_points.txt
writing requirements to py_launch_vrcontrols.egg-info/requires.txt
writing top-level names to py_launch_vrcontrols.egg-info/top_level.txt
writing manifest file 'py_launch_vrcontrols.egg-info/SOURCES.txt'
reading manifest file 'py_launch_vrcontrols.egg-info/SOURCES.txt'
writing manifest file 'py_launch_vrcontrols.egg-info/SOURCES.txt'
running build_ext
Creating /home/joey/PycharmProjects/pythonProject/LaunchVRControls/launch_ws/install/py_launch_vrcontrols/lib/python3.8/site-packages/site.py
Creating /home/joey/PycharmProjects/pythonProject/LaunchVRControls/launch_ws/install/py_launch_vrcontrols/lib/python3.8/site-packages/py-launch-vrcontrols.egg-link (link to .)

Installed /home/joey/PycharmProjects/pythonProject/LaunchVRControls/launch_ws/build/py_launch_vrcontrols
running install_data
creating /home/joey/PycharmProjects/pythonProject/LaunchVRControls/launch_ws/install/py_launch_vrcontrols/share/ament_index
creating /home/joey/PycharmProjects/pythonProject/LaunchVRControls/launch_ws/install/py_launch_vrcontrols/share/ament_index/resource_index
creating /home/joey/PycharmProjects/pythonProject/LaunchVRControls/launch_ws/install/py_launch_vrcontrols/share/ament_index/resource_index/packages
copying resource/py_launch_vrcontrols -> /home/joey/PycharmProjects/pythonProject/LaunchVRControls/launch_ws/install/py_launch_vrcontrols/share/ament_index/resource_index/packages
copying package.xml -> /home/joey/PycharmProjects/pythonProject/LaunchVRControls/launch_ws/install/py_launch_vrcontrols/share/py_launch_vrcontrols
