running develop
running egg_info
writing ../../build/py_launch_vrcontrols/py_launch_vrcontrols.egg-info/PKG-INFO
writing dependency_links to ../../build/py_launch_vrcontrols/py_launch_vrcontrols.egg-info/dependency_links.txt
writing entry points to ../../build/py_launch_vrcontrols/py_launch_vrcontrols.egg-info/entry_points.txt
writing requirements to ../../build/py_launch_vrcontrols/py_launch_vrcontrols.egg-info/requires.txt
writing top-level names to ../../build/py_launch_vrcontrols/py_launch_vrcontrols.egg-info/top_level.txt
reading manifest file '../../build/py_launch_vrcontrols/py_launch_vrcontrols.egg-info/SOURCES.txt'
writing manifest file '../../build/py_launch_vrcontrols/py_launch_vrcontrols.egg-info/SOURCES.txt'
running build
running build_py
running install
running install_lib
running install_data
copying package.xml -> /home/joey/PycharmProjects/pythonProject/LaunchVRControls/launch_ws/install/py_launch_vrcontrols/share/py_launch_vrcontrols
running install_egg_info
removing '/home/joey/PycharmProjects/pythonProject/LaunchVRControls/launch_ws/install/py_launch_vrcontrols/lib/python3.8/site-packages/py_launch_vrcontrols-0.0.0-py3.8.egg-info' (and everything under it)
Copying ../../build/py_launch_vrcontrols/py_launch_vrcontrols.egg-info to /home/joey/PycharmProjects/pythonProject/LaunchVRControls/launch_ws/install/py_launch_vrcontrols/lib/python3.8/site-packages/py_launch_vrcontrols-0.0.0-py3.8.egg-info
running install_scripts
writing list of installed files to '/home/joey/PycharmProjects/pythonProject/LaunchVRControls/launch_ws/build/py_launch_vrcontrols/install.log'
