[0.119s] DEBUG:colcon:Command line arguments: ['/usr/bin/colcon', 'build']
[0.119s] DEBUG:colcon:Parsed command line arguments: Namespace(allow_overriding=[], ament_cmake_args=None, base_paths=['.'], build_base='build', catkin_cmake_args=None, catkin_skip_building_tests=False, cmake_args=None, cmake_clean_cache=False, cmake_clean_first=False, cmake_force_configure=False, cmake_target=None, cmake_target_skip_unavailable=False, continue_on_error=False, event_handlers=None, executor='parallel', ignore_user_meta=False, install_base='install', log_base=None, log_level=None, main=<bound method BuildVerb.main of <colcon_core.verb.build.BuildVerb object at 0x7f73dfffa400>>, merge_install=False, metas=['./colcon.meta'], packages_above=None, packages_above_and_dependencies=None, packages_above_depth=None, packages_end=None, packages_ignore=None, packages_ignore_regex=None, packages_select=None, packages_select_build_failed=False, packages_select_by_dep=None, packages_select_regex=None, packages_select_test_failures=False, packages_skip=None, packages_skip_build_finished=False, packages_skip_by_dep=None, packages_skip_regex=None, packages_skip_test_passed=False, packages_skip_up_to=None, packages_start=None, packages_up_to=None, packages_up_to_regex=None, parallel_workers=16, paths=None, symlink_install=False, test_result_base=None, verb_extension=<colcon_core.verb.build.BuildVerb object at 0x7f73dfffa400>, verb_name='build', verb_parser=<colcon_defaults.argument_parser.defaults.DefaultArgumentsDecorator object at 0x7f73dfffa940>)
[0.137s] Level 1:colcon.colcon_core.package_discovery:discover_packages(colcon_meta) check parameters
[0.137s] Level 1:colcon.colcon_core.package_discovery:discover_packages(recursive) check parameters
[0.137s] Level 1:colcon.colcon_core.package_discovery:discover_packages(ignore) check parameters
[0.137s] Level 1:colcon.colcon_core.package_discovery:discover_packages(path) check parameters
[0.137s] Level 1:colcon.colcon_core.package_discovery:discover_packages(colcon_meta) discover
[0.137s] Level 1:colcon.colcon_core.package_discovery:discover_packages(recursive) discover
[0.137s] INFO:colcon.colcon_core.package_discovery:Crawling recursively for packages in '/home/joey/PycharmProjects/pythonProject/LaunchVRControls/launch_ws'
[0.137s] Level 1:colcon.colcon_core.package_identification:_identify(.) by extensions ['ignore', 'ignore_ament_install']
[0.138s] Level 1:colcon.colcon_core.package_identification:_identify(.) by extension 'ignore'
[0.138s] Level 1:colcon.colcon_core.package_identification:_identify(.) by extension 'ignore_ament_install'
[0.138s] Level 1:colcon.colcon_core.package_identification:_identify(.) by extensions ['colcon_pkg']
[0.138s] Level 1:colcon.colcon_core.package_identification:_identify(.) by extension 'colcon_pkg'
[0.138s] Level 1:colcon.colcon_core.package_identification:_identify(.) by extensions ['colcon_meta']
[0.138s] Level 1:colcon.colcon_core.package_identification:_identify(.) by extension 'colcon_meta'
[0.138s] Level 1:colcon.colcon_core.package_identification:_identify(.) by extensions ['ros']
[0.138s] Level 1:colcon.colcon_core.package_identification:_identify(.) by extension 'ros'
[0.152s] Level 1:colcon.colcon_core.package_identification:_identify(.) by extensions ['cmake', 'python']
[0.152s] Level 1:colcon.colcon_core.package_identification:_identify(.) by extension 'cmake'
[0.152s] Level 1:colcon.colcon_core.package_identification:_identify(.) by extension 'python'
[0.152s] Level 1:colcon.colcon_core.package_identification:_identify(.) by extensions ['python_setup_py']
[0.152s] Level 1:colcon.colcon_core.package_identification:_identify(.) by extension 'python_setup_py'
[0.152s] Level 1:colcon.colcon_core.package_identification:_identify(build) by extensions ['ignore', 'ignore_ament_install']
[0.153s] Level 1:colcon.colcon_core.package_identification:_identify(build) by extension 'ignore'
[0.153s] Level 1:colcon.colcon_core.package_identification:_identify(build) ignored
[0.153s] Level 1:colcon.colcon_core.package_identification:_identify(install) by extensions ['ignore', 'ignore_ament_install']
[0.153s] Level 1:colcon.colcon_core.package_identification:_identify(install) by extension 'ignore'
[0.153s] Level 1:colcon.colcon_core.package_identification:_identify(install) ignored
[0.153s] Level 1:colcon.colcon_core.package_identification:_identify(log) by extensions ['ignore', 'ignore_ament_install']
[0.153s] Level 1:colcon.colcon_core.package_identification:_identify(log) by extension 'ignore'
[0.153s] Level 1:colcon.colcon_core.package_identification:_identify(log) ignored
[0.153s] Level 1:colcon.colcon_core.package_identification:_identify(src) by extensions ['ignore', 'ignore_ament_install']
[0.153s] Level 1:colcon.colcon_core.package_identification:_identify(src) by extension 'ignore'
[0.153s] Level 1:colcon.colcon_core.package_identification:_identify(src) by extension 'ignore_ament_install'
[0.153s] Level 1:colcon.colcon_core.package_identification:_identify(src) by extensions ['colcon_pkg']
[0.153s] Level 1:colcon.colcon_core.package_identification:_identify(src) by extension 'colcon_pkg'
[0.153s] Level 1:colcon.colcon_core.package_identification:_identify(src) by extensions ['colcon_meta']
[0.153s] Level 1:colcon.colcon_core.package_identification:_identify(src) by extension 'colcon_meta'
[0.153s] Level 1:colcon.colcon_core.package_identification:_identify(src) by extensions ['ros']
[0.153s] Level 1:colcon.colcon_core.package_identification:_identify(src) by extension 'ros'
[0.153s] Level 1:colcon.colcon_core.package_identification:_identify(src) by extensions ['cmake', 'python']
[0.153s] Level 1:colcon.colcon_core.package_identification:_identify(src) by extension 'cmake'
[0.153s] Level 1:colcon.colcon_core.package_identification:_identify(src) by extension 'python'
[0.153s] Level 1:colcon.colcon_core.package_identification:_identify(src) by extensions ['python_setup_py']
[0.153s] Level 1:colcon.colcon_core.package_identification:_identify(src) by extension 'python_setup_py'
[0.154s] Level 1:colcon.colcon_core.package_identification:_identify(src/py_launch_vrcontrols) by extensions ['ignore', 'ignore_ament_install']
[0.154s] Level 1:colcon.colcon_core.package_identification:_identify(src/py_launch_vrcontrols) by extension 'ignore'
[0.154s] Level 1:colcon.colcon_core.package_identification:_identify(src/py_launch_vrcontrols) by extension 'ignore_ament_install'
[0.154s] Level 1:colcon.colcon_core.package_identification:_identify(src/py_launch_vrcontrols) by extensions ['colcon_pkg']
[0.154s] Level 1:colcon.colcon_core.package_identification:_identify(src/py_launch_vrcontrols) by extension 'colcon_pkg'
[0.154s] Level 1:colcon.colcon_core.package_identification:_identify(src/py_launch_vrcontrols) by extensions ['colcon_meta']
[0.154s] Level 1:colcon.colcon_core.package_identification:_identify(src/py_launch_vrcontrols) by extension 'colcon_meta'
[0.154s] Level 1:colcon.colcon_core.package_identification:_identify(src/py_launch_vrcontrols) by extensions ['ros']
[0.154s] Level 1:colcon.colcon_core.package_identification:_identify(src/py_launch_vrcontrols) by extension 'ros'
[0.156s] DEBUG:colcon.colcon_core.package_identification:Package 'src/py_launch_vrcontrols' with type 'ros.ament_python' and name 'py_launch_vrcontrols'
[0.156s] Level 1:colcon.colcon_core.package_discovery:discover_packages(recursive) using defaults
[0.156s] Level 1:colcon.colcon_core.package_discovery:discover_packages(ignore) discover
[0.156s] Level 1:colcon.colcon_core.package_discovery:discover_packages(ignore) using defaults
[0.156s] Level 1:colcon.colcon_core.package_discovery:discover_packages(path) discover
[0.156s] Level 1:colcon.colcon_core.package_discovery:discover_packages(path) using defaults
[0.171s] Level 1:colcon.colcon_core.package_discovery:discover_packages(prefix_path) check parameters
[0.171s] Level 1:colcon.colcon_core.package_discovery:discover_packages(prefix_path) discover
[0.173s] DEBUG:colcon.colcon_installed_package_information.package_discovery:Found 1 installed packages in /home/joey/PycharmProjects/pythonProject/LaunchVRControls/launch_ws/install
[0.174s] DEBUG:colcon.colcon_installed_package_information.package_discovery:Found 0 installed packages in /home/joey/colcon_ws/install
[0.175s] DEBUG:colcon.colcon_installed_package_information.package_discovery:Found 302 installed packages in /opt/ros/foxy
[0.177s] Level 1:colcon.colcon_core.package_discovery:discover_packages(prefix_path) using defaults
[0.232s] Level 5:colcon.colcon_core.verb:set package 'py_launch_vrcontrols' build argument 'cmake_args' from command line to 'None'
[0.232s] Level 5:colcon.colcon_core.verb:set package 'py_launch_vrcontrols' build argument 'cmake_target' from command line to 'None'
[0.232s] Level 5:colcon.colcon_core.verb:set package 'py_launch_vrcontrols' build argument 'cmake_target_skip_unavailable' from command line to 'False'
[0.232s] Level 5:colcon.colcon_core.verb:set package 'py_launch_vrcontrols' build argument 'cmake_clean_cache' from command line to 'False'
[0.232s] Level 5:colcon.colcon_core.verb:set package 'py_launch_vrcontrols' build argument 'cmake_clean_first' from command line to 'False'
[0.232s] Level 5:colcon.colcon_core.verb:set package 'py_launch_vrcontrols' build argument 'cmake_force_configure' from command line to 'False'
[0.232s] Level 5:colcon.colcon_core.verb:set package 'py_launch_vrcontrols' build argument 'ament_cmake_args' from command line to 'None'
[0.232s] Level 5:colcon.colcon_core.verb:set package 'py_launch_vrcontrols' build argument 'catkin_cmake_args' from command line to 'None'
[0.232s] Level 5:colcon.colcon_core.verb:set package 'py_launch_vrcontrols' build argument 'catkin_skip_building_tests' from command line to 'False'
[0.232s] DEBUG:colcon.colcon_core.verb:Building package 'py_launch_vrcontrols' with the following arguments: {'ament_cmake_args': None, 'build_base': '/home/joey/PycharmProjects/pythonProject/LaunchVRControls/launch_ws/build/py_launch_vrcontrols', 'catkin_cmake_args': None, 'catkin_skip_building_tests': False, 'cmake_args': None, 'cmake_clean_cache': False, 'cmake_clean_first': False, 'cmake_force_configure': False, 'cmake_target': None, 'cmake_target_skip_unavailable': False, 'install_base': '/home/joey/PycharmProjects/pythonProject/LaunchVRControls/launch_ws/install/py_launch_vrcontrols', 'merge_install': False, 'path': '/home/joey/PycharmProjects/pythonProject/LaunchVRControls/launch_ws/src/py_launch_vrcontrols', 'symlink_install': False, 'test_result_base': None}
[0.233s] INFO:colcon.colcon_core.executor:Executing jobs using 'parallel' executor
[0.236s] DEBUG:colcon.colcon_parallel_executor.executor.parallel:run_until_complete
[0.236s] INFO:colcon.colcon_ros.task.ament_python.build:Building ROS package in '/home/joey/PycharmProjects/pythonProject/LaunchVRControls/launch_ws/src/py_launch_vrcontrols' with build type 'ament_python'
[0.236s] Level 1:colcon.colcon_core.shell:create_environment_hook('py_launch_vrcontrols', 'ament_prefix_path')
[0.240s] INFO:colcon.colcon_core.plugin_system:Skipping extension 'colcon_core.shell.bat': Not used on non-Windows systems
[0.240s] INFO:colcon.colcon_core.shell:Creating environment hook '/home/joey/PycharmProjects/pythonProject/LaunchVRControls/launch_ws/install/py_launch_vrcontrols/share/py_launch_vrcontrols/hook/ament_prefix_path.ps1'
[0.240s] INFO:colcon.colcon_core.shell:Creating environment descriptor '/home/joey/PycharmProjects/pythonProject/LaunchVRControls/launch_ws/install/py_launch_vrcontrols/share/py_launch_vrcontrols/hook/ament_prefix_path.dsv'
[0.241s] INFO:colcon.colcon_core.shell:Creating environment hook '/home/joey/PycharmProjects/pythonProject/LaunchVRControls/launch_ws/install/py_launch_vrcontrols/share/py_launch_vrcontrols/hook/ament_prefix_path.sh'
[0.242s] INFO:colcon.colcon_core.shell:Skip shell extension 'powershell' for command environment: Not usable outside of PowerShell
[0.242s] DEBUG:colcon.colcon_core.shell:Skip shell extension 'dsv' for command environment
[0.438s] INFO:colcon.colcon_core.task.python.build:Building Python package in '/home/joey/PycharmProjects/pythonProject/LaunchVRControls/launch_ws/src/py_launch_vrcontrols'
[0.440s] INFO:colcon.colcon_core.shell:Skip shell extension 'powershell' for command environment: Not usable outside of PowerShell
[0.440s] DEBUG:colcon.colcon_core.shell:Skip shell extension 'dsv' for command environment
[0.772s] DEBUG:colcon.colcon_core.event_handler.log_command:Invoking command in '/home/joey/PycharmProjects/pythonProject/LaunchVRControls/launch_ws/build/py_launch_vrcontrols': PS1=(venv) \[\e]0;\u@\h: \w\a\]${debian_chroot:+($debian_chroot)}\[\033[01;32m\]\u@\h\[\033[00m\]:\[\033[01;34m\]\w\[\033[00m\]\$ PYTHONPATH=/home/joey/PycharmProjects/pythonProject/LaunchVRControls/launch_ws/install/py_launch_vrcontrols/lib/python3.8/site-packages:${PYTHONPATH} /usr/bin/python3 setup.py develop --prefix /home/joey/PycharmProjects/pythonProject/LaunchVRControls/launch_ws/install/py_launch_vrcontrols --uninstall --editable --build-directory /home/joey/PycharmProjects/pythonProject/LaunchVRControls/launch_ws/build/py_launch_vrcontrols/build
[1.115s] DEBUG:colcon.colcon_core.event_handler.log_command:Invoked command in '/home/joey/PycharmProjects/pythonProject/LaunchVRControls/launch_ws/build/py_launch_vrcontrols' returned '0': PS1=(venv) \[\e]0;\u@\h: \w\a\]${debian_chroot:+($debian_chroot)}\[\033[01;32m\]\u@\h\[\033[00m\]:\[\033[01;34m\]\w\[\033[00m\]\$ PYTHONPATH=/home/joey/PycharmProjects/pythonProject/LaunchVRControls/launch_ws/install/py_launch_vrcontrols/lib/python3.8/site-packages:${PYTHONPATH} /usr/bin/python3 setup.py develop --prefix /home/joey/PycharmProjects/pythonProject/LaunchVRControls/launch_ws/install/py_launch_vrcontrols --uninstall --editable --build-directory /home/joey/PycharmProjects/pythonProject/LaunchVRControls/launch_ws/build/py_launch_vrcontrols/build
[1.116s] DEBUG:colcon.colcon_core.event_handler.log_command:Invoking command in '/home/joey/PycharmProjects/pythonProject/LaunchVRControls/launch_ws/src/py_launch_vrcontrols': PS1=(venv) \[\e]0;\u@\h: \w\a\]${debian_chroot:+($debian_chroot)}\[\033[01;32m\]\u@\h\[\033[00m\]:\[\033[01;34m\]\w\[\033[00m\]\$ PYTHONPATH=/home/joey/PycharmProjects/pythonProject/LaunchVRControls/launch_ws/install/py_launch_vrcontrols/lib/python3.8/site-packages:${PYTHONPATH} /usr/bin/python3 setup.py egg_info --egg-base ../../build/py_launch_vrcontrols build --build-base /home/joey/PycharmProjects/pythonProject/LaunchVRControls/launch_ws/build/py_launch_vrcontrols/build install --prefix /home/joey/PycharmProjects/pythonProject/LaunchVRControls/launch_ws/install/py_launch_vrcontrols --record /home/joey/PycharmProjects/pythonProject/LaunchVRControls/launch_ws/build/py_launch_vrcontrols/install.log --single-version-externally-managed
[1.371s] DEBUG:colcon.colcon_core.event_handler.log_command:Invoked command in '/home/joey/PycharmProjects/pythonProject/LaunchVRControls/launch_ws/src/py_launch_vrcontrols' returned '0': PS1=(venv) \[\e]0;\u@\h: \w\a\]${debian_chroot:+($debian_chroot)}\[\033[01;32m\]\u@\h\[\033[00m\]:\[\033[01;34m\]\w\[\033[00m\]\$ PYTHONPATH=/home/joey/PycharmProjects/pythonProject/LaunchVRControls/launch_ws/install/py_launch_vrcontrols/lib/python3.8/site-packages:${PYTHONPATH} /usr/bin/python3 setup.py egg_info --egg-base ../../build/py_launch_vrcontrols build --build-base /home/joey/PycharmProjects/pythonProject/LaunchVRControls/launch_ws/build/py_launch_vrcontrols/build install --prefix /home/joey/PycharmProjects/pythonProject/LaunchVRControls/launch_ws/install/py_launch_vrcontrols --record /home/joey/PycharmProjects/pythonProject/LaunchVRControls/launch_ws/build/py_launch_vrcontrols/install.log --single-version-externally-managed
[1.374s] Level 1:colcon.colcon_core.environment:checking '/home/joey/PycharmProjects/pythonProject/LaunchVRControls/launch_ws/install/py_launch_vrcontrols' for CMake module files
[1.375s] Level 1:colcon.colcon_core.environment:checking '/home/joey/PycharmProjects/pythonProject/LaunchVRControls/launch_ws/install/py_launch_vrcontrols' for CMake config files
[1.375s] Level 1:colcon.colcon_core.environment:checking '/home/joey/PycharmProjects/pythonProject/LaunchVRControls/launch_ws/install/py_launch_vrcontrols/lib'
[1.375s] Level 1:colcon.colcon_core.environment:checking '/home/joey/PycharmProjects/pythonProject/LaunchVRControls/launch_ws/install/py_launch_vrcontrols/bin'
[1.375s] Level 1:colcon.colcon_core.environment:checking '/home/joey/PycharmProjects/pythonProject/LaunchVRControls/launch_ws/install/py_launch_vrcontrols/lib/pkgconfig/py_launch_vrcontrols.pc'
[1.375s] Level 1:colcon.colcon_core.environment:checking '/home/joey/PycharmProjects/pythonProject/LaunchVRControls/launch_ws/install/py_launch_vrcontrols/lib/python3.8/site-packages'
[1.375s] Level 1:colcon.colcon_core.shell:create_environment_hook('py_launch_vrcontrols', 'pythonpath')
[1.377s] INFO:colcon.colcon_core.shell:Creating environment hook '/home/joey/PycharmProjects/pythonProject/LaunchVRControls/launch_ws/install/py_launch_vrcontrols/share/py_launch_vrcontrols/hook/pythonpath.ps1'
[1.377s] INFO:colcon.colcon_core.shell:Creating environment descriptor '/home/joey/PycharmProjects/pythonProject/LaunchVRControls/launch_ws/install/py_launch_vrcontrols/share/py_launch_vrcontrols/hook/pythonpath.dsv'
[1.377s] INFO:colcon.colcon_core.shell:Creating environment hook '/home/joey/PycharmProjects/pythonProject/LaunchVRControls/launch_ws/install/py_launch_vrcontrols/share/py_launch_vrcontrols/hook/pythonpath.sh'
[1.378s] Level 1:colcon.colcon_core.environment:checking '/home/joey/PycharmProjects/pythonProject/LaunchVRControls/launch_ws/install/py_launch_vrcontrols/bin'
[1.378s] Level 1:colcon.colcon_core.environment:create_environment_scripts_only(py_launch_vrcontrols)
[1.379s] INFO:colcon.colcon_core.shell:Creating package script '/home/joey/PycharmProjects/pythonProject/LaunchVRControls/launch_ws/install/py_launch_vrcontrols/share/py_launch_vrcontrols/package.ps1'
[1.379s] INFO:colcon.colcon_core.shell:Creating package descriptor '/home/joey/PycharmProjects/pythonProject/LaunchVRControls/launch_ws/install/py_launch_vrcontrols/share/py_launch_vrcontrols/package.dsv'
[1.380s] INFO:colcon.colcon_core.shell:Creating package script '/home/joey/PycharmProjects/pythonProject/LaunchVRControls/launch_ws/install/py_launch_vrcontrols/share/py_launch_vrcontrols/package.sh'
[1.380s] INFO:colcon.colcon_core.shell:Creating package script '/home/joey/PycharmProjects/pythonProject/LaunchVRControls/launch_ws/install/py_launch_vrcontrols/share/py_launch_vrcontrols/package.bash'
[1.381s] INFO:colcon.colcon_core.shell:Creating package script '/home/joey/PycharmProjects/pythonProject/LaunchVRControls/launch_ws/install/py_launch_vrcontrols/share/py_launch_vrcontrols/package.zsh'
[1.381s] Level 1:colcon.colcon_core.environment:create_file_with_runtime_dependencies(/home/joey/PycharmProjects/pythonProject/LaunchVRControls/launch_ws/install/py_launch_vrcontrols/share/colcon-core/packages/py_launch_vrcontrols)
[1.381s] DEBUG:colcon.colcon_parallel_executor.executor.parallel:closing loop
[1.382s] DEBUG:colcon.colcon_parallel_executor.executor.parallel:loop closed
[1.382s] DEBUG:colcon.colcon_parallel_executor.executor.parallel:run_until_complete finished with '0'
[1.382s] DEBUG:colcon.colcon_core.event_reactor:joining thread
[1.386s] INFO:colcon.colcon_core.plugin_system:Skipping extension 'colcon_notification.desktop_notification.terminal_notifier': Not used on non-Darwin systems
[1.386s] INFO:colcon.colcon_core.plugin_system:Skipping extension 'colcon_notification.desktop_notification.win32': Not used on non-Windows systems
[1.386s] INFO:colcon.colcon_notification.desktop_notification:Sending desktop notification using 'notify2'
[1.403s] DEBUG:colcon.colcon_core.event_reactor:joined thread
[1.404s] INFO:colcon.colcon_core.shell:Creating prefix script '/home/joey/PycharmProjects/pythonProject/LaunchVRControls/launch_ws/install/local_setup.ps1'
[1.405s] INFO:colcon.colcon_core.shell:Creating prefix util module '/home/joey/PycharmProjects/pythonProject/LaunchVRControls/launch_ws/install/_local_setup_util_ps1.py'
[1.405s] INFO:colcon.colcon_core.shell:Creating prefix chain script '/home/joey/PycharmProjects/pythonProject/LaunchVRControls/launch_ws/install/setup.ps1'
[1.406s] INFO:colcon.colcon_core.shell:Creating prefix script '/home/joey/PycharmProjects/pythonProject/LaunchVRControls/launch_ws/install/local_setup.sh'
[1.407s] INFO:colcon.colcon_core.shell:Creating prefix util module '/home/joey/PycharmProjects/pythonProject/LaunchVRControls/launch_ws/install/_local_setup_util_sh.py'
[1.407s] INFO:colcon.colcon_core.shell:Creating prefix chain script '/home/joey/PycharmProjects/pythonProject/LaunchVRControls/launch_ws/install/setup.sh'
[1.408s] INFO:colcon.colcon_core.shell:Creating prefix script '/home/joey/PycharmProjects/pythonProject/LaunchVRControls/launch_ws/install/local_setup.bash'
[1.409s] INFO:colcon.colcon_core.shell:Creating prefix chain script '/home/joey/PycharmProjects/pythonProject/LaunchVRControls/launch_ws/install/setup.bash'
[1.409s] INFO:colcon.colcon_core.shell:Creating prefix script '/home/joey/PycharmProjects/pythonProject/LaunchVRControls/launch_ws/install/local_setup.zsh'
[1.410s] INFO:colcon.colcon_core.shell:Creating prefix chain script '/home/joey/PycharmProjects/pythonProject/LaunchVRControls/launch_ws/install/setup.zsh'
