running develop
Removing /home/joey/PycharmProjects/pythonProject/LaunchVRControls/launch_ws/install/py_launch_vrcontrols/lib/python3.8/site-packages/py-launch-vrcontrols.egg-link (link to .)
running egg_info
writing ../../build/py_launch_vrcontrols/py_launch_vrcontrols.egg-info/PKG-INFO
writing dependency_links to ../../build/py_launch_vrcontrols/py_launch_vrcontrols.egg-info/dependency_links.txt
writing entry points to ../../build/py_launch_vrcontrols/py_launch_vrcontrols.egg-info/entry_points.txt
writing requirements to ../../build/py_launch_vrcontrols/py_launch_vrcontrols.egg-info/requires.txt
writing top-level names to ../../build/py_launch_vrcontrols/py_launch_vrcontrols.egg-info/top_level.txt
reading manifest file '../../build/py_launch_vrcontrols/py_launch_vrcontrols.egg-info/SOURCES.txt'
writing manifest file '../../build/py_launch_vrcontrols/py_launch_vrcontrols.egg-info/SOURCES.txt'
running build
running build_py
creating /home/joey/PycharmProjects/pythonProject/LaunchVRControls/launch_ws/build/py_launch_vrcontrols/build
creating /home/joey/PycharmProjects/pythonProject/LaunchVRControls/launch_ws/build/py_launch_vrcontrols/build/lib
creating /home/joey/PycharmProjects/pythonProject/LaunchVRControls/launch_ws/build/py_launch_vrcontrols/build/lib/py_launch_vrcontrols
copying py_launch_vrcontrols/__init__.py -> /home/joey/PycharmProjects/pythonProject/LaunchVRControls/launch_ws/build/py_launch_vrcontrols/build/lib/py_launch_vrcontrols
running install
running install_lib
creating /home/joey/PycharmProjects/pythonProject/LaunchVRControls/launch_ws/install/py_launch_vrcontrols/lib/python3.8/site-packages/py_launch_vrcontrols
copying /home/joey/PycharmProjects/pythonProject/LaunchVRControls/launch_ws/build/py_launch_vrcontrols/build/lib/py_launch_vrcontrols/__init__.py -> /home/joey/PycharmProjects/pythonProject/LaunchVRControls/launch_ws/install/py_launch_vrcontrols/lib/python3.8/site-packages/py_launch_vrcontrols
byte-compiling /home/joey/PycharmProjects/pythonProject/LaunchVRControls/launch_ws/install/py_launch_vrcontrols/lib/python3.8/site-packages/py_launch_vrcontrols/__init__.py to __init__.cpython-38.pyc
running install_data
running install_egg_info
Copying ../../build/py_launch_vrcontrols/py_launch_vrcontrols.egg-info to /home/joey/PycharmProjects/pythonProject/LaunchVRControls/launch_ws/install/py_launch_vrcontrols/lib/python3.8/site-packages/py_launch_vrcontrols-0.0.0-py3.8.egg-info
running install_scripts
writing list of installed files to '/home/joey/PycharmProjects/pythonProject/LaunchVRControls/launch_ws/build/py_launch_vrcontrols/install.log'
